[Mar 30 16:43:16] Test
[Mar 30 16:43:16] package.TestSource Caught java.lang.IllegalArgumentException: Test
[Mar 30 16:43:16]   com.djrapitops.nmplayer.fileutils.ErrorManagerTest.testToLog_String_Collection(ErrorManagerTest.java:33)
[Mar 30 16:43:16]   sun.reflect.NativeMethodAccessorImpl.invoke0(Native Method)
[Mar 30 16:43:16]   sun.reflect.NativeMethodAccessorImpl.invoke(NativeMethodAccessorImpl.java:62)
[Mar 30 16:43:16]   sun.reflect.DelegatingMethodAccessorImpl.invoke(DelegatingMethodAccessorImpl.java:43)
[Mar 30 16:43:16]   java.lang.reflect.Method.invoke(Method.java:498)
[Mar 30 16:43:16]   org.junit.runners.model.FrameworkMethod$1.runReflectiveCall(FrameworkMethod.java:50)
[Mar 30 16:43:16]   org.junit.internal.runners.model.ReflectiveCallable.run(ReflectiveCallable.java:12)
[Mar 30 16:43:16]   org.junit.runners.model.FrameworkMethod.invokeExplosively(FrameworkMethod.java:47)
[Mar 30 16:43:16]   org.junit.internal.runners.statements.InvokeMethod.evaluate(InvokeMethod.java:17)
[Mar 30 16:43:16]   org.junit.runners.ParentRunner.runLeaf(ParentRunner.java:325)
[Mar 30 16:43:16]   org.junit.runners.BlockJUnit4ClassRunner.runChild(BlockJUnit4ClassRunner.java:78)
[Mar 30 16:43:16]   org.junit.runners.BlockJUnit4ClassRunner.runChild(BlockJUnit4ClassRunner.java:57)
[Mar 30 16:43:16]   org.junit.runners.ParentRunner$3.run(ParentRunner.java:290)
[Mar 30 16:43:16]   org.junit.runners.ParentRunner$1.schedule(ParentRunner.java:71)
[Mar 30 16:43:16]   org.junit.runners.ParentRunner.runChildren(ParentRunner.java:288)
[Mar 30 16:43:16]   org.junit.runners.ParentRunner.access$000(ParentRunner.java:58)
[Mar 30 16:43:16]   org.junit.runners.ParentRunner$2.evaluate(ParentRunner.java:268)
[Mar 30 16:43:16]   org.junit.runners.ParentRunner.run(ParentRunner.java:363)
[Mar 30 16:43:16]   org.pitest.junit.adapter.CustomRunnerExecutor.run(CustomRunnerExecutor.java:42)
[Mar 30 16:43:16]   org.pitest.junit.adapter.AdaptedJUnitTestUnit.execute(AdaptedJUnitTestUnit.java:85)
[Mar 30 16:43:16]   org.pitest.mutationtest.execute.MutationTimeoutDecorator$1.run(MutationTimeoutDecorator.java:89)
[Mar 30 16:43:16]   java.util.concurrent.Executors$RunnableAdapter.call(Executors.java:511)
[Mar 30 16:43:16]   java.util.concurrent.FutureTask.run(FutureTask.java:266)
[Mar 30 16:43:16]   java.lang.Thread.run(Thread.java:745)
[Mar 30 16:43:16] 
[Mar 30 16:43:16] package.TestSource Caught java.lang.IllegalStateException: Test2
[Mar 30 16:43:16]   com.djrapitops.nmplayer.fileutils.ErrorManagerTest.testToLog_String_Collection(ErrorManagerTest.java:34)
[Mar 30 16:43:16]   sun.reflect.NativeMethodAccessorImpl.invoke0(Native Method)
[Mar 30 16:43:16]   sun.reflect.NativeMethodAccessorImpl.invoke(NativeMethodAccessorImpl.java:62)
[Mar 30 16:43:16]   sun.reflect.DelegatingMethodAccessorImpl.invoke(DelegatingMethodAccessorImpl.java:43)
[Mar 30 16:43:16]   java.lang.reflect.Method.invoke(Method.java:498)
[Mar 30 16:43:16]   org.junit.runners.model.FrameworkMethod$1.runReflectiveCall(FrameworkMethod.java:50)
[Mar 30 16:43:16]   org.junit.internal.runners.model.ReflectiveCallable.run(ReflectiveCallable.java:12)
[Mar 30 16:43:16]   org.junit.runners.model.FrameworkMethod.invokeExplosively(FrameworkMethod.java:47)
[Mar 30 16:43:16]   org.junit.internal.runners.statements.InvokeMethod.evaluate(InvokeMethod.java:17)
[Mar 30 16:43:16]   org.junit.runners.ParentRunner.runLeaf(ParentRunner.java:325)
[Mar 30 16:43:16]   org.junit.runners.BlockJUnit4ClassRunner.runChild(BlockJUnit4ClassRunner.java:78)
[Mar 30 16:43:16]   org.junit.runners.BlockJUnit4ClassRunner.runChild(BlockJUnit4ClassRunner.java:57)
[Mar 30 16:43:16]   org.junit.runners.ParentRunner$3.run(ParentRunner.java:290)
[Mar 30 16:43:16]   org.junit.runners.ParentRunner$1.schedule(ParentRunner.java:71)
[Mar 30 16:43:16]   org.junit.runners.ParentRunner.runChildren(ParentRunner.java:288)
[Mar 30 16:43:16]   org.junit.runners.ParentRunner.access$000(ParentRunner.java:58)
[Mar 30 16:43:16]   org.junit.runners.ParentRunner$2.evaluate(ParentRunner.java:268)
[Mar 30 16:43:16]   org.junit.runners.ParentRunner.run(ParentRunner.java:363)
[Mar 30 16:43:16]   org.pitest.junit.adapter.CustomRunnerExecutor.run(CustomRunnerExecutor.java:42)
[Mar 30 16:43:16]   org.pitest.junit.adapter.AdaptedJUnitTestUnit.execute(AdaptedJUnitTestUnit.java:85)
[Mar 30 16:43:16]   org.pitest.mutationtest.execute.MutationTimeoutDecorator$1.run(MutationTimeoutDecorator.java:89)
[Mar 30 16:43:16]   java.util.concurrent.Executors$RunnableAdapter.call(Executors.java:511)
[Mar 30 16:43:16]   java.util.concurrent.FutureTask.run(FutureTask.java:266)
[Mar 30 16:43:16]   java.lang.Thread.run(Thread.java:745)
[Mar 30 16:43:16] 
[Mar 30 16:43:16] Test
[Mar 30 16:43:16] Test
